<?xml version="1.0" encoding="UTF-8"?>
<!-- Generated by org.testng.reporters.JUnitXMLReporter -->
<testsuite ignored="0" hostname="DESKTOP-PG3URJ6" failures="0" tests="3" name="Default test" time="15.882" errors="0" timestamp="17 Mar. 2019 02:10:09 GMT">
  <testcase classname="com.mercury.qa.testcases.LoginPageTest" name="validateLoginTest" time="1.616"/>
  <testcase classname="com.mercury.qa.testcases.LoginPageTest" name="validateLoginTitleTest" time="0.012"/>
  <testcase classname="com.mercury.qa.testcases.LoginPageTest" name="validateTitleLogoTest" time="0.035"/>
</testsuite> <!-- Default test -->
