<?xml version="1.0" encoding="UTF-8"?>
<!-- Generated by org.testng.reporters.JUnitXMLReporter -->
<testsuite ignored="0" hostname="DESKTOP-PG3URJ6" failures="1" tests="12" name="Command line test" time="82.637" errors="0" timestamp="17 Mar. 2019 22:35:40 GMT">
  <testcase classname="com.mercury.qa.testcases.HomePageTest" name="validateContinueButtonTest" time="0.042"/>
  <testcase classname="com.mercury.qa.testcases.HomePageTest" name="validateHomepageTitleTest" time="0.006">
    <failure type="java.lang.AssertionError" message="expected [Sign-on: Mercury Tours] but found [Find a Flight: Mercury Tours:]">
      <![CDATA[java.lang.AssertionError: expected [Sign-on: Mercury Tours] but found [Find a Flight: Mercury Tours:]
at com.mercury.qa.testcases.HomePageTest.validateHomepageTitleTest(HomePageTest.java:34)
... Removed 41 stack frames]]>
    </failure>
  </testcase> <!-- validateHomepageTitleTest -->
  <testcase classname="com.mercury.qa.testcases.LoginPageTest" name="validateLoginTest" time="1.863"/>
  <testcase classname="com.mercury.qa.testcases.LoginPageTest" name="validateLoginTitleTest" time="0.011"/>
  <testcase classname="com.mercury.qa.testcases.ProfilePageTest" name="validateEditImageTest" time="0.036"/>
  <testcase classname="com.mercury.qa.testcases.ProfilePageTest" name="validateSubmitBtnTest" time="0.094"/>
  <testcase classname="com.mercury.qa.testcases.HomePageTest" name="validateHomeLogoTest" time="0.078"/>
  <testcase classname="com.mercury.qa.testcases.HomePageTest" name="validateProfilePageLinkTest" time="0.381"/>
  <testcase classname="com.mercury.qa.testcases.LoginPageTest" name="validateTitleLogoTest" time="0.051"/>
  <testcase classname="com.mercury.qa.testcases.ProfilePageTest" name="fillingFormTest" time="0.799"/>
  <testcase classname="com.mercury.qa.testcases.ProfilePageTest" name="fillingFormTest" time="0.388"/>
  <testcase classname="com.mercury.qa.testcases.ProfilePageTest" name="fillingFormTest" time="0.5"/>
</testsuite> <!-- Command line test -->
