<?xml version="1.0" encoding="UTF-8"?>
<testng-results ignored="0" total="3" passed="3" failed="0" skipped="0">
  <reporter-output>
  </reporter-output>
  <suite started-at="2019-03-17T02:09:54Z" name="Default suite" finished-at="2019-03-17T02:10:09Z" duration-ms="15882">
    <groups>
    </groups>
    <test started-at="2019-03-17T02:09:54Z" name="Default test" finished-at="2019-03-17T02:10:09Z" duration-ms="15882">
      <class name="com.mercury.qa.testcases.LoginPageTest">
        <test-method is-config="true" signature="setUp()[pri:0, instance:com.mercury.qa.testcases.LoginPageTest@5a56cdac]" started-at="2019-03-17T02:09:54Z" name="setUp" finished-at="2019-03-17T02:09:58Z" duration-ms="4508" status="PASS">
          <reporter-output>
          </reporter-output>
        </test-method> <!-- setUp -->
        <test-method signature="validateLoginTest()[pri:1, instance:com.mercury.qa.testcases.LoginPageTest@5a56cdac]" started-at="2019-03-17T02:09:58Z" name="validateLoginTest" finished-at="2019-03-17T02:10:00Z" duration-ms="1616" status="PASS">
          <reporter-output>
          </reporter-output>
        </test-method> <!-- validateLoginTest -->
        <test-method is-config="true" signature="teardown()[pri:0, instance:com.mercury.qa.testcases.LoginPageTest@5a56cdac]" started-at="2019-03-17T02:10:00Z" name="teardown" finished-at="2019-03-17T02:10:00Z" duration-ms="634" status="PASS">
          <reporter-output>
          </reporter-output>
        </test-method> <!-- teardown -->
        <test-method is-config="true" signature="setUp()[pri:0, instance:com.mercury.qa.testcases.LoginPageTest@5a56cdac]" started-at="2019-03-17T02:10:00Z" name="setUp" finished-at="2019-03-17T02:10:04Z" duration-ms="3979" status="PASS">
          <reporter-output>
          </reporter-output>
        </test-method> <!-- setUp -->
        <test-method signature="validateLoginTitleTest()[pri:1, instance:com.mercury.qa.testcases.LoginPageTest@5a56cdac]" started-at="2019-03-17T02:10:04Z" name="validateLoginTitleTest" finished-at="2019-03-17T02:10:04Z" duration-ms="12" status="PASS">
          <reporter-output>
          </reporter-output>
        </test-method> <!-- validateLoginTitleTest -->
        <test-method is-config="true" signature="teardown()[pri:0, instance:com.mercury.qa.testcases.LoginPageTest@5a56cdac]" started-at="2019-03-17T02:10:04Z" name="teardown" finished-at="2019-03-17T02:10:05Z" duration-ms="622" status="PASS">
          <reporter-output>
          </reporter-output>
        </test-method> <!-- teardown -->
        <test-method is-config="true" signature="setUp()[pri:0, instance:com.mercury.qa.testcases.LoginPageTest@5a56cdac]" started-at="2019-03-17T02:10:05Z" name="setUp" finished-at="2019-03-17T02:10:09Z" duration-ms="3823" status="PASS">
          <reporter-output>
          </reporter-output>
        </test-method> <!-- setUp -->
        <test-method signature="validateTitleLogoTest()[pri:2, instance:com.mercury.qa.testcases.LoginPageTest@5a56cdac]" started-at="2019-03-17T02:10:09Z" name="validateTitleLogoTest" finished-at="2019-03-17T02:10:09Z" duration-ms="35" status="PASS">
          <reporter-output>
          </reporter-output>
        </test-method> <!-- validateTitleLogoTest -->
        <test-method is-config="true" signature="teardown()[pri:0, instance:com.mercury.qa.testcases.LoginPageTest@5a56cdac]" started-at="2019-03-17T02:10:09Z" name="teardown" finished-at="2019-03-17T02:10:09Z" duration-ms="630" status="PASS">
          <reporter-output>
          </reporter-output>
        </test-method> <!-- teardown -->
      </class> <!-- com.mercury.qa.testcases.LoginPageTest -->
    </test> <!-- Default test -->
  </suite> <!-- Default suite -->
</testng-results>
