<?xml version="1.0" encoding="UTF-8"?>
<!-- Generated by org.testng.reporters.JUnitReportReporter -->
<testsuite hostname="DESKTOP-PG3URJ6" failures="0" tests="3" name="com.mercury.qa.testcases.LoginPageTest" time="15.859" errors="0" timestamp="17 Mar. 2019 02:10:10 GMT" skipped="0">
  <testcase classname="com.mercury.qa.testcases.LoginPageTest" name="validateLoginTest" time="6.217"/>
  <testcase classname="com.mercury.qa.testcases.LoginPageTest" name="validateLoginTitleTest" time="5.150"/>
  <testcase classname="com.mercury.qa.testcases.LoginPageTest" name="validateTitleLogoTest" time="4.492"/>
</testsuite> <!-- com.mercury.qa.testcases.LoginPageTest -->
